
SQL*Loader: Release 11.2.0.2.0 - Production on Wed Dec 6 14:45:37 2017

Copyright (c) 1982, 2009, Oracle and/or its affiliates.  All rights reserved.

Control File:   res/control.ctl
Data File:      res/payroll.txt
  Bad File:     res/payroll.bad
  Discard File:  none specified
 
 (Allow all discards)

Number to load: ALL
Number to skip: 0
Errors allowed: 50
Bind array:     64 rows, maximum of 256000 bytes
Continuation:    none specified
Path used:      Conventional

Table PAYROLL_LOAD, loaded from every logical record.
Insert option in effect for this table: REPLACE
TRAILING NULLCOLS option in effect

   Column Name                  Position   Len  Term Encl Datatype
------------------------------ ---------- ----- ---- ---- ---------------------
PAYROLL_DATE                        FIRST     *   ;  O(") DATE Month dd, yyyy  
EMPLOYEE_ID                          NEXT     *   ;  O(") CHARACTER            
AMOUNT                               NEXT     *   ;  O(") CHARACTER            
STATUS                               NEXT     *   ;  O(") CHARACTER            


Table PAYROLL_LOAD:
  37 Rows successfully loaded.
  0 Rows not loaded due to data errors.
  0 Rows not loaded because all WHEN clauses were failed.
  0 Rows not loaded because all fields were null.


Space allocated for bind array:                  66048 bytes(64 rows)
Read   buffer bytes: 1048576

Total logical records skipped:          0
Total logical records read:            37
Total logical records rejected:         0
Total logical records discarded:        0

Run began on Wed Dec 06 14:45:37 2017
Run ended on Wed Dec 06 14:45:52 2017

Elapsed time was:     00:00:15.05
CPU time was:         00:00:00.03
